<?xml version="1.0" encoding="UTF-8"?>
<!-- Generated by org.testng.reporters.JUnitReportReporter -->
<testsuite hostname="LAPTOP-J2EHUA6C" failures="0" tests="1" name="com.automation.part1.answers.Answer_37" time="4.663" errors="0" timestamp="2023-11-29T21:00:32 EST" skipped="0">
  <testcase classname="com.automation.part1.answers.Answer_37" name="titleVerification" time="4.663"/>
</testsuite> <!-- com.automation.part1.answers.Answer_37 -->
